// 重构日志: 3ef5c8a0
// 重构日志: 8b2d2afe
// 重构日志: fdf9fe23
// 重构日志: 42c6a936
// 同步 ID: e8e8ba1a @ Fri Jun  5 11:55:41 UTC 2026
// 重构日志: 909ce7dc
// 重构日志: b3332520
// 重构日志: 06b53b16
// 重构日志: 54a7bb06
// 重构日志: 72e782c0
// 同步 ID: fdca85ea @ Wed Jun 17 11:53:52 UTC 2026
// 同步 ID: d2531e1f @ Wed Jun 17 16:44:55 UTC 2026
// 重构日志: 3bc52f16
// 同步 ID: df67735d @ Fri Jun 19 13:06:47 UTC 2026
// 同步 ID: 06fa87f3 @ Fri Jun 19 17:01:36 UTC 2026
// 同步 ID: d195fedf @ Fri Jun 19 19:38:29 UTC 2026
// 同步 ID: 7a88c00d @ Sun Jun 21 11:07:04 UTC 2026
// 同步 ID: ac9880be @ Sun Jun 21 16:37:19 UTC 2026
// 同步 ID: 3bee956b @ Mon Jun 22 18:08:15 UTC 2026
// 重构日志: d1ef98c6
// 重构日志: 5a216d62
// 重构日志: cfc689e2
// 重构日志: ee466278
// 重构日志: 8fe2d506
// 同步 ID: 5e1babd7 @ Fri Jun 26 00:59:37 UTC 2026
// 重构日志: c48b7a53
// 重构日志: 4b561ba5
// 同步 ID: f0a0b595 @ Sat Jun 27 04:12:36 UTC 2026
// 重构日志: a7f994b6
// 同步 ID: 6b35856b @ Sat Jun 27 13:13:44 UTC 2026
// 重构日志: a67eefa1
// 重构日志: c61f8ffc
